1690799694640	geckodriver	INFO	Listening on 127.0.0.1:65029
1690799697657	mozrunner::runner	INFO	Running command: "C:\\Program Files\\Mozilla Firefox\\firefox.exe" "--marionette" "--headless" "--remote-debugging-port" "650 ... "--remote-allow-hosts" "localhost" "-no-remote" "-profile" "C:\\Users\\vcaminic\\AppData\\Local\\Temp\\rust_mozprofileESXmZl"
*** You are running in headless mode.
1690799698725	Marionette	INFO	Marionette enabled
1690799698733	Marionette	INFO	Listening on port 65043
WebDriver BiDi listening on ws://localhost:65030
Read port: 65043
1690799699055	RemoteAgent	WARN	TLS certificate errors will be ignored for this session
[GFX1-]: RenderCompositorSWGL failed mapping default framebuffer, no dt
console.warn: SearchSettings: "get: No settings file exists, new profile?" (new NotFoundError("Could not open the file at C:\\Users\\vcaminic\\AppData\\Local\\Temp\\rust_mozprofileESXmZl\\search.json.mozlz4", (void 0)))
JavaScript error: resource://gre/modules/TelemetryUtils.jsm, line 154: TypeError: date is undefined
DevTools listening on ws://localhost:65030/devtools/browser/816b4f31-fe1f-4050-9b49-2e97996b1cd6
console.warn: LoginRecipes: "getRecipes: falling back to a synchronous message for:" "https://www.tripadvisor.ca"
JavaScript error: , line 0: TypeError: NetworkError when attempting to fetch resource.
JavaScript error: , line 0: TypeError: NetworkError when attempting to fetch resource.
JavaScript warning: https://pagead2.googlesyndication.com/bg/exXNUSsPja7e8iu35jrfljSpibGDl_1pyv4-G5NBtGM.js line 2 > eval line 7486 > eval line 1 > eval line 1 > eval, line 1: WEBGL_debug_renderer_info is deprecated in Firefox and will be removed. Please use RENDERER.
JavaScript error: , line 0: TypeError: NetworkError when attempting to fetch resource.
1690799810878	geckodriver	INFO	Listening on 127.0.0.1:58473
1690799813893	mozrunner::runner	INFO	Running command: "C:\\Program Files\\Mozilla Firefox\\firefox.exe" "--marionette" "--headless" "--remote-debugging-port" "584 ... "--remote-allow-hosts" "localhost" "-no-remote" "-profile" "C:\\Users\\vcaminic\\AppData\\Local\\Temp\\rust_mozprofileQDFaqQ"
*** You are running in headless mode.
1690799815081	Marionette	INFO	Marionette enabled
1690799815089	Marionette	INFO	Listening on port 58483
WebDriver BiDi listening on ws://localhost:58474
Read port: 58483
1690799815285	RemoteAgent	WARN	TLS certificate errors will be ignored for this session
[GFX1-]: RenderCompositorSWGL failed mapping default framebuffer, no dt
console.warn: SearchSettings: "get: No settings file exists, new profile?" (new NotFoundError("Could not open the file at C:\\Users\\vcaminic\\AppData\\Local\\Temp\\rust_mozprofileQDFaqQ\\search.json.mozlz4", (void 0)))
JavaScript error: resource://gre/modules/TelemetryUtils.jsm, line 154: TypeError: date is undefined
DevTools listening on ws://localhost:58474/devtools/browser/34d5a3ae-02ac-4630-85b6-36c66cb4362e
console.warn: LoginRecipes: "getRecipes: falling back to a synchronous message for:" "https://www.tripadvisor.ca"
JavaScript warning: https://pagead2.googlesyndication.com/bg/exXNUSsPja7e8iu35jrfljSpibGDl_1pyv4-G5NBtGM.js line 2 > eval line 5340 > eval line 1 > eval line 1 > eval, line 1: WEBGL_debug_renderer_info is deprecated in Firefox and will be removed. Please use RENDERER.
1690799835773	Marionette	WARN	Ignoring event 'pageshow' because document has an invalid readyState of 'uninitialized'.
JavaScript error: , line 0: TypeError: NetworkError when attempting to fetch resource.
JavaScript error: , line 0: TypeError: NetworkError when attempting to fetch resource.
1690800009354	geckodriver	INFO	Listening on 127.0.0.1:61213
1690800012381	mozrunner::runner	INFO	Running command: "C:\\Program Files\\Mozilla Firefox\\firefox.exe" "--marionette" "--headless" "--remote-debugging-port" "612 ... "--remote-allow-hosts" "localhost" "-no-remote" "-profile" "C:\\Users\\vcaminic\\AppData\\Local\\Temp\\rust_mozprofileQAtSNC"
*** You are running in headless mode.
1690800013620	Marionette	INFO	Marionette enabled
1690800013627	Marionette	INFO	Listening on port 61223
WebDriver BiDi listening on ws://localhost:61214
Read port: 61223
1690800013934	RemoteAgent	WARN	TLS certificate errors will be ignored for this session
[GFX1-]: RenderCompositorSWGL failed mapping default framebuffer, no dt
console.warn: SearchSettings: "get: No settings file exists, new profile?" (new NotFoundError("Could not open the file at C:\\Users\\vcaminic\\AppData\\Local\\Temp\\rust_mozprofileQAtSNC\\search.json.mozlz4", (void 0)))
JavaScript error: resource://gre/modules/TelemetryUtils.jsm, line 154: TypeError: date is undefined
DevTools listening on ws://localhost:61214/devtools/browser/707c4fe5-691b-451f-9147-2b1801db1422
console.warn: LoginRecipes: "getRecipes: falling back to a synchronous message for:" "https://www.tripadvisor.ca"
JavaScript warning: https://pagead2.googlesyndication.com/bg/exXNUSsPja7e8iu35jrfljSpibGDl_1pyv4-G5NBtGM.js line 2 > eval line 5411 > eval line 1 > eval line 1 > eval, line 1: WEBGL_debug_renderer_info is deprecated in Firefox and will be removed. Please use RENDERER.
JavaScript error: , line 0: TypeError: NetworkError when attempting to fetch resource.
JavaScript error: , line 0: TypeError: NetworkError when attempting to fetch resource.
1690800035169	Marionette	WARN	Ignoring event 'pageshow' because document has an invalid readyState of 'uninitialized'.
JavaScript error: , line 0: TypeError: NetworkError when attempting to fetch resource.
JavaScript error: , line 0: TypeError: NetworkError when attempting to fetch resource.
1690800058034	geckodriver	INFO	Listening on 127.0.0.1:61621
1690800061481	mozrunner::runner	INFO	Running command: "C:\\Program Files\\Mozilla Firefox\\firefox.exe" "--marionette" "--headless" "--remote-debugging-port" "616 ... "--remote-allow-hosts" "localhost" "-no-remote" "-profile" "C:\\Users\\vcaminic\\AppData\\Local\\Temp\\rust_mozprofile9FWhNl"
*** You are running in headless mode.
1690800063161	Marionette	INFO	Marionette enabled
1690800063171	Marionette	INFO	Listening on port 61663
WebDriver BiDi listening on ws://localhost:61622
Read port: 61663
1690800063431	RemoteAgent	WARN	TLS certificate errors will be ignored for this session
[GFX1-]: RenderCompositorSWGL failed mapping default framebuffer, no dt
console.warn: SearchSettings: "get: No settings file exists, new profile?" (new NotFoundError("Could not open the file at C:\\Users\\vcaminic\\AppData\\Local\\Temp\\rust_mozprofile9FWhNl\\search.json.mozlz4", (void 0)))
JavaScript error: resource://gre/modules/TelemetryUtils.jsm, line 154: TypeError: date is undefined
DevTools listening on ws://localhost:61622/devtools/browser/12b41335-cacf-4d19-bacf-245a639083a9
1690800148430	geckodriver	INFO	Listening on 127.0.0.1:61812
1690800151457	mozrunner::runner	INFO	Running command: "C:\\Program Files\\Mozilla Firefox\\firefox.exe" "--marionette" "--headless" "--remote-debugging-port" "618 ... "--remote-allow-hosts" "localhost" "-no-remote" "-profile" "C:\\Users\\vcaminic\\AppData\\Local\\Temp\\rust_mozprofileozQvAF"
*** You are running in headless mode.
1690800152561	Marionette	INFO	Marionette enabled
1690800152569	Marionette	INFO	Listening on port 61823
WebDriver BiDi listening on ws://localhost:61813
Read port: 61823
1690800152817	RemoteAgent	WARN	TLS certificate errors will be ignored for this session
[GFX1-]: RenderCompositorSWGL failed mapping default framebuffer, no dt
console.warn: SearchSettings: "get: No settings file exists, new profile?" (new NotFoundError("Could not open the file at C:\\Users\\vcaminic\\AppData\\Local\\Temp\\rust_mozprofileozQvAF\\search.json.mozlz4", (void 0)))
JavaScript error: resource://gre/modules/TelemetryUtils.jsm, line 154: TypeError: date is undefined
DevTools listening on ws://localhost:61813/devtools/browser/3455d21e-729b-47d3-a09d-7d130e5fc87f
console.warn: LoginRecipes: "getRecipes: falling back to a synchronous message for:" "https://www.tripadvisor.ca"
JavaScript warning: https://pagead2.googlesyndication.com/bg/exXNUSsPja7e8iu35jrfljSpibGDl_1pyv4-G5NBtGM.js line 2 > eval line 6890 > eval line 1 > eval line 1 > eval, line 1: WEBGL_debug_renderer_info is deprecated in Firefox and will be removed. Please use RENDERER.
JavaScript error: , line 0: TypeError: NetworkError when attempting to fetch resource.
JavaScript error: , line 0: TypeError: NetworkError when attempting to fetch resource.
1690800175479	Marionette	WARN	Ignoring event 'pageshow' because document has an invalid readyState of 'uninitialized'.
JavaScript error: , line 0: TypeError: NetworkError when attempting to fetch resource.
JavaScript error: , line 0: TypeError: NetworkError when attempting to fetch resource.
JavaScript error: , line 0: TypeError: NetworkError when attempting to fetch resource.
JavaScript error: , line 0: TypeError: NetworkError when attempting to fetch resource.
JavaScript error: , line 0: TypeError: NetworkError when attempting to fetch resource.
JavaScript error: , line 0: TypeError: NetworkError when attempting to fetch resource.
JavaScript error: , line 0: TypeError: NetworkError when attempting to fetch resource.
JavaScript error: , line 0: TypeError: NetworkError when attempting to fetch resource.
JavaScript warning: https://pagead2.googlesyndication.com/bg/exXNUSsPja7e8iu35jrfljSpibGDl_1pyv4-G5NBtGM.js line 2 > eval line 2697 > eval line 1 > eval line 1 > eval, line 1: WEBGL_debug_renderer_info is deprecated in Firefox and will be removed. Please use RENDERER.
JavaScript error: , line 0: TypeError: NetworkError when attempting to fetch resource.
JavaScript warning: https://pagead2.googlesyndication.com/bg/exXNUSsPja7e8iu35jrfljSpibGDl_1pyv4-G5NBtGM.js line 2 > eval line 4741 > eval line 1 > eval line 1 > eval, line 1: WEBGL_debug_renderer_info is deprecated in Firefox and will be removed. Please use RENDERER.
JavaScript error: , line 0: TypeError: NetworkError when attempting to fetch resource.
1690800584655	geckodriver	INFO	Listening on 127.0.0.1:62501
1690800587684	mozrunner::runner	INFO	Running command: "C:\\Program Files\\Mozilla Firefox\\firefox.exe" "--marionette" "--headless" "--remote-debugging-port" "625 ... "--remote-allow-hosts" "localhost" "-no-remote" "-profile" "C:\\Users\\vcaminic\\AppData\\Local\\Temp\\rust_mozprofileaTfyJ1"
*** You are running in headless mode.
1690800588684	Marionette	INFO	Marionette enabled
1690800588691	Marionette	INFO	Listening on port 62512
WebDriver BiDi listening on ws://localhost:62502
Read port: 62512
1690800588926	RemoteAgent	WARN	TLS certificate errors will be ignored for this session
[GFX1-]: RenderCompositorSWGL failed mapping default framebuffer, no dt
console.warn: SearchSettings: "get: No settings file exists, new profile?" (new NotFoundError("Could not open the file at C:\\Users\\vcaminic\\AppData\\Local\\Temp\\rust_mozprofileaTfyJ1\\search.json.mozlz4", (void 0)))
JavaScript error: resource://gre/modules/TelemetryUtils.jsm, line 154: TypeError: date is undefined
DevTools listening on ws://localhost:62502/devtools/browser/cf9f6036-b71e-4caf-90b7-aa8dbb847412
console.warn: LoginRecipes: "getRecipes: falling back to a synchronous message for:" "https://www.tripadvisor.ca"
JavaScript warning: https://pagead2.googlesyndication.com/bg/exXNUSsPja7e8iu35jrfljSpibGDl_1pyv4-G5NBtGM.js line 2 > eval line 5921 > eval line 1 > eval line 1 > eval, line 1: WEBGL_debug_renderer_info is deprecated in Firefox and will be removed. Please use RENDERER.
JavaScript error: , line 0: TypeError: NetworkError when attempting to fetch resource.
JavaScript error: , line 0: TypeError: NetworkError when attempting to fetch resource.
1690800673312	geckodriver	INFO	Listening on 127.0.0.1:62805
1690800676327	mozrunner::runner	INFO	Running command: "C:\\Program Files\\Mozilla Firefox\\firefox.exe" "--marionette" "--headless" "--remote-debugging-port" "628 ... "--remote-allow-hosts" "localhost" "-no-remote" "-profile" "C:\\Users\\vcaminic\\AppData\\Local\\Temp\\rust_mozprofileYP5AWL"
*** You are running in headless mode.
1690800677311	Marionette	INFO	Marionette enabled
1690800677317	Marionette	INFO	Listening on port 62815
WebDriver BiDi listening on ws://localhost:62806
Read port: 62815
1690800677539	RemoteAgent	WARN	TLS certificate errors will be ignored for this session
[GFX1-]: RenderCompositorSWGL failed mapping default framebuffer, no dt
console.warn: SearchSettings: "get: No settings file exists, new profile?" (new NotFoundError("Could not open the file at C:\\Users\\vcaminic\\AppData\\Local\\Temp\\rust_mozprofileYP5AWL\\search.json.mozlz4", (void 0)))
JavaScript error: resource://gre/modules/TelemetryUtils.jsm, line 154: TypeError: date is undefined
DevTools listening on ws://localhost:62806/devtools/browser/420b17ec-9d2e-4f53-9beb-ba5ad1276153
console.warn: LoginRecipes: "getRecipes: falling back to a synchronous message for:" "https://www.tripadvisor.ca"
JavaScript warning: https://pagead2.googlesyndication.com/bg/exXNUSsPja7e8iu35jrfljSpibGDl_1pyv4-G5NBtGM.js line 2 > eval line 5851 > eval line 1 > eval line 1 > eval, line 1: WEBGL_debug_renderer_info is deprecated in Firefox and will be removed. Please use RENDERER.
JavaScript error: , line 0: TypeError: NetworkError when attempting to fetch resource.
JavaScript error: , line 0: TypeError: NetworkError when attempting to fetch resource.
JavaScript error: , line 0: TypeError: NetworkError when attempting to fetch resource.
JavaScript error: , line 0: TypeError: NetworkError when attempting to fetch resource.
JavaScript error: , line 0: TypeError: NetworkError when attempting to fetch resource.
1690800697498	Marionette	WARN	Ignoring event 'pageshow' because document has an invalid readyState of 'uninitialized'.
JavaScript error: , line 0: TypeError: NetworkError when attempting to fetch resource.
JavaScript error: , line 0: TypeError: NetworkError when attempting to fetch resource.
1690800792821	geckodriver	INFO	Listening on 127.0.0.1:63266
1690800795859	mozrunner::runner	INFO	Running command: "C:\\Program Files\\Mozilla Firefox\\firefox.exe" "--marionette" "--headless" "--remote-debugging-port" "632 ... "--remote-allow-hosts" "localhost" "-no-remote" "-profile" "C:\\Users\\vcaminic\\AppData\\Local\\Temp\\rust_mozprofilez29zWn"
*** You are running in headless mode.
1690800796972	Marionette	INFO	Marionette enabled
1690800796979	Marionette	INFO	Listening on port 63278
WebDriver BiDi listening on ws://localhost:63267
Read port: 63278
1690800797220	RemoteAgent	WARN	TLS certificate errors will be ignored for this session
[GFX1-]: RenderCompositorSWGL failed mapping default framebuffer, no dt
console.warn: SearchSettings: "get: No settings file exists, new profile?" (new NotFoundError("Could not open the file at C:\\Users\\vcaminic\\AppData\\Local\\Temp\\rust_mozprofilez29zWn\\search.json.mozlz4", (void 0)))
JavaScript error: resource://gre/modules/TelemetryUtils.jsm, line 154: TypeError: date is undefined
DevTools listening on ws://localhost:63267/devtools/browser/337d3c52-21c1-45cd-ab3d-e75526133407
console.warn: LoginRecipes: "getRecipes: falling back to a synchronous message for:" "https://www.tripadvisor.ca"
C:\\Program Files\\Mozilla Firefox\\firefox.exe" "--marionette" "--headless" "--remote-debugging-port" "633 ... "--remote-allow-hosts" "localhost" "-no-remote" "-profile" "C:\\Users\\vcaminic\\AppData\\Local\\Temp\\rust_mozprofileKWgd1J"
*** You are running in headless mode.
1690800804807	Marionette	INFO	Marionette enabled
1690800804820	Marionette	INFO	Listening on port 63352
WebDriver BiDi listening on ws://localhost:63308
Read port: 63352
1690800805251	RemoteAgent	WARN	TLS certificate errors will be ignored for this session
[GFX1-]: RenderCompositorSWGL failed mapping default framebuffer, no dt
console.warn: SearchSettings: "get: No settings file exists, new profile?" (new NotFoundError("Could not open the file at C:\\Users\\vcaminic\\AppData\\Local\\Temp\\rust_mozprofileKWgd1J\\search.json.mozlz4", (void 0)))
JavaScript error: resource://gre/modules/TelemetryUtils.jsm, line 154: TypeError: date is undefined
DevTools listening on ws://localhost:63308/devtools/browser/7efea181-732b-44fa-b9b2-5fb6b01d9032
console.warn: LoginRecipes: "getRecipes: falling back to a synchronous message for:" "https://www.tripadvisor.ca"
JavaScript warning: https://pagead2.googlesyndication.com/bg/exXNUSsPja7e8iu35jrfljSpibGDl_1pyv4-G5NBtGM.js line 2 > eval line 3486 > eval line 1 > eval line 1 > eval, line 1: WEBGL_debug_renderer_info is deprecated in Firefox and will be removed. Please use RENDERER.
JavaScript error: , line 0: TypeError: NetworkError when attempting to fetch resource.
JavaScript error: , line 0: TypeError: NetworkError when attempting to fetch resource.
1690800827295	Marionette	WARN	Ignoring event 'pageshow' because document has an invalid readyState of 'uninitialized'.
JavaScript error: , line 0: TypeError: NetworkError when attempting to fetch resource.
JavaScript error: , line 0: TypeError: NetworkError when attempting to fetch resource.
1690800888343	geckodriver	INFO	Listening on 127.0.0.1:63443
1690800891366	mozrunner::runner	INFO	Running command: "C:\\Program Files\\Mozilla Firefox\\firefox.exe" "--marionette" "--headless" "--remote-debugging-port" "634 ... "--remote-allow-hosts" "localhost" "-no-remote" "-profile" "C:\\Users\\vcaminic\\AppData\\Local\\Temp\\rust_mozprofilecCr37R"
*** You are running in headless mode.
1690800892456	Marionette	INFO	Marionette enabled
1690800892463	Marionette	INFO	Listening on port 63473
Read port: 63473
WebDriver BiDi listening on ws://localhost:63447
1690800892768	RemoteAgent	WARN	TLS certificate errors will be ignored for this session
[GFX1-]: RenderCompositorSWGL failed mapping default framebuffer, no dt
console.warn: SearchSettings: "get: No settings file exists, new profile?" (new NotFoundError("Could not open the file at C:\\Users\\vcaminic\\AppData\\Local\\Temp\\rust_mozprofilecCr37R\\search.json.mozlz4", (void 0)))
JavaScript error: resource://gre/modules/TelemetryUtils.jsm, line 154: TypeError: date is undefined
DevTools listening on ws://localhost:63447/devtools/browser/e1a543bc-1b68-4555-bcdf-01ee970f35e5
console.warn: LoginRecipes: "getRecipes: falling back to a synchronous message for:" "https://www.tripadvisor.ca"
1690800998395	geckodriver	INFO	Listening on 127.0.0.1:63658
1690801001416	mozrunner::runner	INFO	Running command: "C:\\Program Files\\Mozilla Firefox\\firefox.exe" "--marionette" "--headless" "--remote-debugging-port" "636 ... "--remote-allow-hosts" "localhost" "-no-remote" "-profile" "C:\\Users\\vcaminic\\AppData\\Local\\Temp\\rust_mozprofileT6V86M"
*** You are running in headless mode.
1690801002430	Marionette	INFO	Marionette enabled
1690801002437	Marionette	INFO	Listening on port 63680
WebDriver BiDi listening on ws://localhost:63659
Read port: 63680
1690801002670	RemoteAgent	WARN	TLS certificate errors will be ignored for this session
[GFX1-]: RenderCompositorSWGL failed mapping default framebuffer, no dt
console.warn: SearchSettings: "get: No settings file exists, new profile?" (new NotFoundError("Could not open the file at C:\\Users\\vcaminic\\AppData\\Local\\Temp\\rust_mozprofileT6V86M\\search.json.mozlz4", (void 0)))
JavaScript error: resource://gre/modules/TelemetryUtils.jsm, line 154: TypeError: date is undefined
DevTools listening on ws://localhost:63659/devtools/browser/d32983fa-3832-4a8c-8b83-b185eece7634
console.warn: LoginRecipes: "getRecipes: falling back to a synchronous message for:" "https://www.tripadvisor.ca"
JavaScript warning: https://pagead2.googlesyndication.com/bg/exXNUSsPja7e8iu35jrfljSpibGDl_1pyv4-G5NBtGM.js line 2 > eval line 5126 > eval line 1 > eval line 1 > eval, line 1: WEBGL_debug_renderer_info is deprecated in Firefox and will be removed. Please use RENDERER.
1690801019225	Marionette	WARN	TimedPromise timed out after 500 ms: stacktrace:
TimedPromise/<@chrome://remote/content/marionette/sync.js:234:19
TimedPromise@chrome://remote/content/marionette/sync.js:219:10
interaction.flushEventLoop@chrome://remote/content/marionette/interaction.js:431:10
webdriverClickElement@chrome://remote/content/marionette/interaction.js:179:31
JavaScript error: , line 0: TypeError: NetworkError when attempting to fetch resource.
JavaScript error: , line 0: TypeError: NetworkError when attempting to fetch resource.
JavaScript error: , line 0: TypeError: NetworkError when attempting to fetch resource.
JavaScript error: , line 0: TypeError: NetworkError when attempting to fetch resource.
1690801422770	geckodriver	INFO	Listening on 127.0.0.1:64379
1690801425793	mozrunner::runner	INFO	Running command: "C:\\Program Files\\Mozilla Firefox\\firefox.exe" "--marionette" "--headless" "--remote-debugging-port" "643 ... "--remote-allow-hosts" "localhost" "-no-remote" "-profile" "C:\\Users\\vcaminic\\AppData\\Local\\Temp\\rust_mozprofileGS8k1F"
*** You are running in headless mode.
1690801426779	Marionette	INFO	Marionette enabled
1690801426786	Marionette	INFO	Listening on port 64389
WebDriver BiDi listening on ws://localhost:64380
Read port: 64389
1690801427021	RemoteAgent	WARN	TLS certificate errors will be ignored for this session
[GFX1-]: RenderCompositorSWGL failed mapping default framebuffer, no dt
console.warn: SearchSettings: "get: No settings file exists, new profile?" (new NotFoundError("Could not open the file at C:\\Users\\vcaminic\\AppData\\Local\\Temp\\rust_mozprofileGS8k1F\\search.json.mozlz4", (void 0)))
JavaScript error: resource://gre/modules/TelemetryUtils.jsm, line 154: TypeError: date is undefined
DevTools listening on ws://localhost:64380/devtools/browser/bd6bab30-c342-42f3-a1d6-73489f7317f3
console.warn: LoginRecipes: "getRecipes: falling back to a synchronous message for:" "https://www.tripadvisor.ca"
JavaScript warning: https://pagead2.googlesyndication.com/bg/exXNUSsPja7e8iu35jrfljSpibGDl_1pyv4-G5NBtGM.js line 2 > eval line 3193 > eval line 1 > eval line 1 > eval, line 1: WEBGL_debug_renderer_info is deprecated in Firefox and will be removed. Please use RENDERER.
JavaScript error: , line 0: TypeError: NetworkError when attempting to fetch resource.
JavaScript error: , line 0: TypeError: NetworkError when attempting to fetch resource.
1690801447351	Marionette	WARN	Ignoring event 'pageshow' because document has an invalid readyState of 'uninitialized'.
JavaScript error: , line 0: TypeError: NetworkError when attempting to fetch resource.
JavaScript error: , line 0: TypeError: NetworkError when attempting to fetch resource.
1690801512763	geckodriver	INFO	Listening on 127.0.0.1:64813
1690801515799	mozrunner::runner	INFO	Running command: "C:\\Program Files\\Mozilla Firefox\\firefox.exe" "--marionette" "--headless" "--remote-debugging-port" "648 ... "--remote-allow-hosts" "localhost" "-no-remote" "-profile" "C:\\Users\\vcaminic\\AppData\\Local\\Temp\\rust_mozprofile8sK7T6"
*** You are running in headless mode.
1690801516923	Marionette	INFO	Marionette enabled
1690801516931	Marionette	INFO	Listening on port 64823
WebDriver BiDi listening on ws://localhost:64814
Read port: 64823
1690801517132	RemoteAgent	WARN	TLS certificate errors will be ignored for this session
[GFX1-]: RenderCompositorSWGL failed mapping default framebuffer, no dt
console.warn: SearchSettings: "get: No settings file exists, new profile?" (new NotFoundError("Could not open the file at C:\\Users\\vcaminic\\AppData\\Local\\Temp\\rust_mozprofile8sK7T6\\search.json.mozlz4", (void 0)))
JavaScript error: resource://gre/modules/TelemetryUtils.jsm, line 154: TypeError: date is undefined
DevTools listening on ws://localhost:64814/devtools/browser/0b3828df-6db3-4fe2-940b-186574ee3059
console.warn: LoginRecipes: "getRecipes: falling back to a synchronous message for:" "https://www.tripadvisor.ca"
JavaScript warning: https://pagead2.googlesyndication.com/bg/exXNUSsPja7e8iu35jrfljSpibGDl_1pyv4-G5NBtGM.js line 2 > eval line 3192 > eval line 1 > eval line 1 > eval, line 1: WEBGL_debug_renderer_info is deprecated in Firefox and will be removed. Please use RENDERER.
JavaScript error: , line 0: TypeError: NetworkError when attempting to fetch resource.
JavaScript error: , line 0: TypeError: NetworkError when attempting to fetch resource.
1690801537537	Marionette	WARN	Ignoring event 'pageshow' because document has an invalid readyState of 'uninitialized'.
JavaScript error: , line 0: TypeError: NetworkError when attempting to fetch resource.
JavaScript error: , line 0: TypeError: NetworkError when attempting to fetch resource.
1690801991675	geckodriver	INFO	Listening on 127.0.0.1:49222
1690801994704	mozrunner::runner	INFO	Running command: "C:\\Program Files\\Mozilla Firefox\\firefox.exe" "--marionette" "--headless" "--remote-debugging-port" "492 ... "--remote-allow-hosts" "localhost" "-no-remote" "-profile" "C:\\Users\\vcaminic\\AppData\\Local\\Temp\\rust_mozprofileV1oQVZ"
*** You are running in headless mode.
1690801995783	Marionette	INFO	Marionette enabled
1690801995789	Marionette	INFO	Listening on port 49236
WebDriver BiDi listening on ws://localhost:49223
Read port: 49236
1690801995959	RemoteAgent	WARN	TLS certificate errors will be ignored for this session
[GFX1-]: RenderCompositorSWGL failed mapping default framebuffer, no dt
console.warn: SearchSettings: "get: No settings file exists, new profile?" (new NotFoundError("Could not open the file at C:\\Users\\vcaminic\\AppData\\Local\\Temp\\rust_mozprofileV1oQVZ\\search.json.mozlz4", (void 0)))
JavaScript error: resource://gre/modules/TelemetryUtils.jsm, line 154: TypeError: date is undefined
DevTools listening on ws://localhost:49223/devtools/browser/171fbefc-82ab-4076-a0c9-cfc994220884
console.warn: LoginRecipes: "getRecipes: falling back to a synchronous message for:" "https://www.tripadvisor.ca"
JavaScript warning: https://pagead2.googlesyndication.com/bg/exXNUSsPja7e8iu35jrfljSpibGDl_1pyv4-G5NBtGM.js line 2 > eval line 4040 > eval line 1 > eval line 1 > eval, line 1: WEBGL_debug_renderer_info is deprecated in Firefox and will be removed. Please use RENDERER.
JavaScript warning: https://pagead2.googlesyndication.com/bg/exXNUSsPja7e8iu35jrfljSpibGDl_1pyv4-G5NBtGM.js line 2 > eval line 543 > eval line 1 > eval line 1 > eval, line 1: WEBGL_debug_renderer_info is deprecated in Firefox and will be removed. Please use RENDERER.
JavaScript error: , line 0: TypeError: NetworkError when attempting to fetch resource.
JavaScript error: , line 0: TypeError: NetworkError when attempting to fetch resource.
1690802013599	Marionette	WARN	Ignoring event 'pageshow' because document has an invalid readyState of 'uninitialized'.
JavaScript error: , line 0: TypeError: NetworkError when attempting to fetch resource.
JavaScript error: , line 0: TypeError: NetworkError when attempting to fetch resource.
1690802165366	geckodriver	INFO	Listening on 127.0.0.1:50071
1690802168400	mozrunner::runner	INFO	Running command: "C:\\Program Files\\Mozilla Firefox\\firefox.exe" "--marionette" "--headless" "--remote-debugging-port" "500 ... "--remote-allow-hosts" "localhost" "-no-remote" "-profile" "C:\\Users\\vcaminic\\AppData\\Local\\Temp\\rust_mozprofile55jYH0"
*** You are running in headless mode.
1690802169454	Marionette	INFO	Marionette enabled
1690802169462	Marionette	INFO	Listening on port 50083
WebDriver BiDi listening on ws://localhost:50072
Read port: 50083
1690802169692	RemoteAgent	WARN	TLS certificate errors will be ignored for this session
[GFX1-]: RenderCompositorSWGL failed mapping default framebuffer, no dt
console.warn: SearchSettings: "get: No settings file exists, new profile?" (new NotFoundError("Could not open the file at C:\\Users\\vcaminic\\AppData\\Local\\Temp\\rust_mozprofile55jYH0\\search.json.mozlz4", (void 0)))
JavaScript error: resource://gre/modules/TelemetryUtils.jsm, line 154: TypeError: date is undefined
DevTools listening on ws://localhost:50072/devtools/browser/73b5b9ba-bb4d-4710-aea7-0da05ad8ec6f
console.warn: LoginRecipes: "getRecipes: falling back to a synchronous message for:" "https://www.tripadvisor.ca"
JavaScript error: , line 0: TypeError: NetworkError when attempting to fetch resource.
JavaScript error: , line 0: TypeError: NetworkError when attempting to fetch resource.
JavaScript warning: https://pagead2.googlesyndication.com/bg/exXNUSsPja7e8iu35jrfljSpibGDl_1pyv4-G5NBtGM.js line 2 > eval line 6497 > eval line 1 > eval line 1 > eval, line 1: WEBGL_debug_renderer_info is deprecated in Firefox and will be removed. Please use RENDERER.
JavaScript error: , line 0: TypeError: NetworkError when attempting to fetch resource.
JavaScript error: , line 0: TypeError: NetworkError when attempting to fetch resource.
JavaScript error: , line 0: TypeError: NetworkError when attempting to fetch resource.
JavaScript error: , line 0: TypeError: NetworkError when attempting to fetch resource.
A content process crashed and MOZ_CRASHREPORTER_SHUTDOWN is set, shutting down
Shutting down due to socket process crash.
JavaScript error: chrome://global/content/elements/browser-custom-element.js, line 1646: Error: permitUnload is already running for this tab.
remote" "-profile" "C:\\Users\\vcaminic\\AppData\\Local\\Temp\\rust_mozprofilemBvNME"
*** You are running in headless mode.
1690802425452	Marionette	INFO	Marionette enabled
1690802425463	Marionette	INFO	Listening on port 57619
WebDriver BiDi listening on ws://localhost:57593
Read port: 57619
1690802425732	RemoteAgent	WARN	TLS certificate errors will be ignored for this session
[GFX1-]: RenderCompositorSWGL failed mapping default framebuffer, no dt
console.warn: SearchSettings: "get: No settings file exists, new profile?" (new NotFoundError("Could not open the file at C:\\Users\\vcaminic\\AppData\\Local\\Temp\\rust_mozprofilemBvNME\\search.json.mozlz4", (void 0)))
JavaScript error: resource://gre/modules/TelemetryUtils.jsm, line 154: TypeError: date is undefined
DevTools listening on ws://localhost:57593/devtools/browser/35edde02-c16e-4be5-b55a-73a1b71671af
console.warn: LoginRecipes: "getRecipes: falling back to a synchronous message for:" "https://www.tripadvisor.ca"
JavaScript warning: https://pagead2.googlesyndication.com/bg/exXNUSsPja7e8iu35jrfljSpibGDl_1pyv4-G5NBtGM.js line 2 > eval line 7603 > eval line 1 > eval line 1 > eval, line 1: WEBGL_debug_renderer_info is deprecated in Firefox and will be removed. Please use RENDERER.
JavaScript error: , line 0: TypeError: NetworkError when attempting to fetch resource.
JavaScript error: , line 0: TypeError: NetworkError when attempting to fetch resource.
1690802447568	Marionette	WARN	Ignoring event 'pageshow' because document has an invalid readyState of 'uninitialized'.
JavaScript error: , line 0: TypeError: NetworkError when attempting to fetch resource.
JavaScript error: , line 0: TypeError: NetworkError when attempting to fetch resource.
1690802453093	Marionette	WARN	TimedPromise timed out after 500 ms: stacktrace:
TimedPromise/<@chrome://remote/content/marionette/sync.js:234:19
TimedPromise@chrome://remote/content/marionette/sync.js:219:10
interaction.flushEventLoop@chrome://remote/content/marionette/interaction.js:431:10
webdriverClickElement@chrome://remote/content/marionette/interaction.js:179:31
JavaScript error: , line 0: TypeError: NetworkError when attempting to fetch resource.
JavaScript error: , line 0: TypeError: NetworkError when attempting to fetch resource.
JavaScript error: , line 0: TypeError: NetworkError when attempting to fetch resource.
JavaScript error: , line 0: TypeError: NetworkError when attempting to fetch resource.
JavaScript error: , line 0: TypeError: NetworkError when attempting to fetch resource.
JavaScript error: , line 0: TypeError: NetworkError when attempting to fetch resource.
Shutting down due to socket process crash.
1690802817428	geckodriver	INFO	Listening on 127.0.0.1:58624
1690802820461	mozrunner::runner	INFO	Running command: "C:\\Program Files\\Mozilla Firefox\\firefox.exe" "--marionette" "--headless" "--remote-debugging-port" "586 ... "--remote-allow-hosts" "localhost" "-no-remote" "-profile" "C:\\Users\\vcaminic\\AppData\\Local\\Temp\\rust_mozprofileOLxJ7Y"
*** You are running in headless mode.
1690802821615	Marionette	INFO	Marionette enabled
1690802821623	Marionette	INFO	Listening on port 58640
WebDriver BiDi listening on ws://localhost:58625
Read port: 58640
1690802821844	RemoteAgent	WARN	TLS certificate errors will be ignored for this session
[GFX1-]: RenderCompositorSWGL failed mapping default framebuffer, no dt
console.warn: SearchSettings: "get: No settings file exists, new profile?" (new NotFoundError("Could not open the file at C:\\Users\\vcaminic\\AppData\\Local\\Temp\\rust_mozprofileOLxJ7Y\\search.json.mozlz4", (void 0)))
JavaScript error: resource://gre/modules/TelemetryUtils.jsm, line 154: TypeError: date is undefined
DevTools listening on ws://localhost:58625/devtools/browser/d9169fb8-59d2-45a6-a78c-55d7f8c9b213
[Parent 29196, IPC I/O Parent] WARNING: file /builds/worker/checkouts/gecko/ipc/chromium/src/base/process_util_win.cc:167
console.warn: LoginRecipes: "getRecipes: falling back to a synchronous message for:" "https://www.tripadvisor.ca"
JavaScript warning: https://pagead2.googlesyndication.com/bg/exXNUSsPja7e8iu35jrfljSpibGDl_1pyv4-G5NBtGM.js line 2 > eval line 4899 > eval line 1 > eval line 1 > eval, line 1: WEBGL_debug_renderer_info is deprecated in Firefox and will be removed. Please use RENDERER.
JavaScript error: , line 0: TypeError: NetworkError when attempting to fetch resource.
JavaScript error: , line 0: TypeError: NetworkError when attempting to fetch resource.
JavaScript error: , line 0: TypeError: NetworkError when attempting to fetch resource.
JavaScript error: , line 0: TypeError: NetworkError when attempting to fetch resource.
1690802969294	geckodriver	INFO	Listening on 127.0.0.1:59199
